filmrollculture
retronyc
boma.story
831gaberodriguez
allthingschina__
antalyaguncesi
hasidiminusa
luca_castagnini_
jackyy_wch
rmbpov1
devankarmukhi
johnez2
tsuguaki_abe
inthelightof_you
bella.aliwireja
nienkebot
northerncolors
urrban_glow
alanwieder
arianavillaphotography
kessler_leland
themecitie
giovanniofalltrades
kaischan94
selvejerphotography
stacktownfilms
gnettaco
urbaneyes_photography
lluisrafols
igersnapoli
bnw_efecom
viennazoom
katkins19
kelly_ira_
ivet.casas
tashaa.solar
marska.streetart

benjamin__manuel
rarepenguin
darisarch
bmore_shootz
jimena_concept_store
charlottedupre_photo
pelegrini.fotos
_megs_over_easy
marry9405
guidocompagno_
eve_victoria_uthaug
nycstopandsee
undergroundreykjavik
siegerland_outdoor
ratzfatz3
luca.bianca57
oneday_onestyle_off
a.efatian
wifflebat82
jalvarezphoto
artsog15
topografilms
tinytravelingpup
ellieburguenophotography
matthewtcaffrey
ricordinviaggio
sebastianmitroszonek
dea_em_tea
_peoplemakethings
mesterjepsen
streetisback
romanarabar
arrizqu
funkyasfuck
syabileffleton
jimbo_rodz13
erika.vaishnur
pic_by_joybe
elinfroderberg
worldviewmag
indigo_inception
whatagirleats
daily_squaregraph
keenanrivals
jungraphy_
legacy_shooter
streetphotographersfdn
visualgrams
rjt.street
eastbanger
indovisualgram
daniya_street
anacunha__
celeste35mm
sleepingwithghost
edgewood.edition
thebestofphoto
bestfilmphoto
a_tikhonovaa
chernobylwelcome
lifeviachicago
sublime.street
landarch.ma
bogdan.buzuleac
andreas_jason_maris
toronto.culture
_lada_baku
hwang199
yujindes_
stav_k7
geldbier
danielbenshimon
smorrrissey
skalathamus
ayyceee
jacknative
meummare
chervikk
warallthetime
dreamermagazine
timtomphoto
elliegoffe
matteo.de.grandis
jistagram0311
otisernst
somevan.photo
b.okabe
vlad.snimaet
maryamnohegari
ya_hi.photo
maizels
insmachado
shhmali_
nowherediary
konstantinospatsakis
timetobehave
evva.vv
canis_latrans
ditriser
latitudetalentstudios
kvbastanczyk
milasvegas
m.n.stoner
thefutureofwhat
theodorelai
mr_rezakaraj
world_with_asmile
christian_kremser
shodikii
visuals.trance
senyoritashally
welovelondon2020
michaelantman
nickytonggt
giannis_krd
